mode: set
github.com/raphael-foliveira/chi-gorm/internal/cfg/cfg.go:15.33,17.16 2 0
github.com/raphael-foliveira/chi-gorm/internal/cfg/cfg.go:17.16,19.3 1 0
github.com/raphael-foliveira/chi-gorm/internal/cfg/cfg.go:20.2,22.12 3 0
github.com/raphael-foliveira/chi-gorm/internal/cfg/cfg.go:25.20,27.2 1 0
github.com/raphael-foliveira/chi-gorm/internal/cfg/cfg.go:29.16,32.2 2 0
github.com/raphael-foliveira/chi-gorm/internal/cfg/cfg.go:34.25,36.36 2 0
github.com/raphael-foliveira/chi-gorm/internal/cfg/cfg.go:36.36,38.20 2 0
github.com/raphael-foliveira/chi-gorm/internal/cfg/cfg.go:38.20,40.4 1 0
github.com/raphael-foliveira/chi-gorm/internal/cfg/cfg.go:44.50,46.16 2 0
github.com/raphael-foliveira/chi-gorm/internal/cfg/cfg.go:46.16,48.3 1 0
github.com/raphael-foliveira/chi-gorm/internal/cfg/cfg.go:49.2,50.35 2 0
github.com/raphael-foliveira/chi-gorm/internal/cfg/cfg.go:53.42,55.2 1 0
github.com/raphael-foliveira/chi-gorm/internal/entities/clients.go:14.30,16.2 1 0
github.com/raphael-foliveira/chi-gorm/internal/entities/orders.go:14.29,16.2 1 0
github.com/raphael-foliveira/chi-gorm/internal/entities/products.go:11.31,13.2 1 0
github.com/raphael-foliveira/chi-gorm/internal/exceptions/api.go:10.36,12.2 1 1
github.com/raphael-foliveira/chi-gorm/internal/exceptions/api.go:14.56,19.2 1 1
github.com/raphael-foliveira/chi-gorm/internal/exceptions/api.go:21.43,23.2 1 0
github.com/raphael-foliveira/chi-gorm/internal/exceptions/api.go:25.52,27.2 1 0
github.com/raphael-foliveira/chi-gorm/internal/exceptions/api.go:29.52,31.2 1 0
github.com/raphael-foliveira/chi-gorm/internal/exceptions/api.go:33.41,35.2 1 1
github.com/raphael-foliveira/chi-gorm/internal/http/controller/clients.go:15.52,17.2 1 0
github.com/raphael-foliveira/chi-gorm/internal/http/controller/clients.go:19.72,21.16 2 0
github.com/raphael-foliveira/chi-gorm/internal/http/controller/clients.go:21.16,23.3 1 0
github.com/raphael-foliveira/chi-gorm/internal/http/controller/clients.go:24.2,25.16 2 0
github.com/raphael-foliveira/chi-gorm/internal/http/controller/clients.go:25.16,27.3 1 0
github.com/raphael-foliveira/chi-gorm/internal/http/controller/clients.go:28.2,28.52 1 0
github.com/raphael-foliveira/chi-gorm/internal/http/controller/clients.go:31.72,33.16 2 0
github.com/raphael-foliveira/chi-gorm/internal/http/controller/clients.go:33.16,35.3 1 0
github.com/raphael-foliveira/chi-gorm/internal/http/controller/clients.go:36.2,37.16 2 0
github.com/raphael-foliveira/chi-gorm/internal/http/controller/clients.go:37.16,39.3 1 0
github.com/raphael-foliveira/chi-gorm/internal/http/controller/clients.go:40.2,41.16 2 0
github.com/raphael-foliveira/chi-gorm/internal/http/controller/clients.go:41.16,43.3 1 0
github.com/raphael-foliveira/chi-gorm/internal/http/controller/clients.go:44.2,44.50 1 0
github.com/raphael-foliveira/chi-gorm/internal/http/controller/clients.go:47.72,49.16 2 0
github.com/raphael-foliveira/chi-gorm/internal/http/controller/clients.go:49.16,51.3 1 0
github.com/raphael-foliveira/chi-gorm/internal/http/controller/clients.go:52.2,53.16 2 0
github.com/raphael-foliveira/chi-gorm/internal/http/controller/clients.go:53.16,55.3 1 0
github.com/raphael-foliveira/chi-gorm/internal/http/controller/clients.go:56.2,56.48 1 0
github.com/raphael-foliveira/chi-gorm/internal/http/controller/clients.go:59.70,61.16 2 0
github.com/raphael-foliveira/chi-gorm/internal/http/controller/clients.go:61.16,63.3 1 0
github.com/raphael-foliveira/chi-gorm/internal/http/controller/clients.go:64.2,64.64 1 0
github.com/raphael-foliveira/chi-gorm/internal/http/controller/clients.go:67.69,69.16 2 0
github.com/raphael-foliveira/chi-gorm/internal/http/controller/clients.go:69.16,71.3 1 0
github.com/raphael-foliveira/chi-gorm/internal/http/controller/clients.go:72.2,73.16 2 0
github.com/raphael-foliveira/chi-gorm/internal/http/controller/clients.go:73.16,75.3 1 0
github.com/raphael-foliveira/chi-gorm/internal/http/controller/clients.go:76.2,76.68 1 0
github.com/raphael-foliveira/chi-gorm/internal/http/controller/clients.go:79.77,81.16 2 0
github.com/raphael-foliveira/chi-gorm/internal/http/controller/clients.go:81.16,83.3 1 0
github.com/raphael-foliveira/chi-gorm/internal/http/controller/clients.go:84.2,85.16 2 0
github.com/raphael-foliveira/chi-gorm/internal/http/controller/clients.go:85.16,87.3 1 0
github.com/raphael-foliveira/chi-gorm/internal/http/controller/clients.go:88.2,88.62 1 0
github.com/raphael-foliveira/chi-gorm/internal/http/controller/controllers.go:23.62,29.2 1 0
github.com/raphael-foliveira/chi-gorm/internal/http/controller/orders.go:15.49,17.2 1 0
github.com/raphael-foliveira/chi-gorm/internal/http/controller/orders.go:19.71,21.16 2 0
github.com/raphael-foliveira/chi-gorm/internal/http/controller/orders.go:21.16,23.3 1 0
github.com/raphael-foliveira/chi-gorm/internal/http/controller/orders.go:24.2,25.16 2 0
github.com/raphael-foliveira/chi-gorm/internal/http/controller/orders.go:25.16,27.3 1 0
github.com/raphael-foliveira/chi-gorm/internal/http/controller/orders.go:28.2,28.68 1 0
github.com/raphael-foliveira/chi-gorm/internal/http/controller/orders.go:31.71,33.16 2 0
github.com/raphael-foliveira/chi-gorm/internal/http/controller/orders.go:33.16,35.3 1 0
github.com/raphael-foliveira/chi-gorm/internal/http/controller/orders.go:36.2,37.16 2 0
github.com/raphael-foliveira/chi-gorm/internal/http/controller/orders.go:37.16,39.3 1 0
github.com/raphael-foliveira/chi-gorm/internal/http/controller/orders.go:40.2,41.16 2 0
github.com/raphael-foliveira/chi-gorm/internal/http/controller/orders.go:41.16,43.3 1 0
github.com/raphael-foliveira/chi-gorm/internal/http/controller/orders.go:44.2,44.67 1 0
github.com/raphael-foliveira/chi-gorm/internal/http/controller/orders.go:47.71,49.16 2 0
github.com/raphael-foliveira/chi-gorm/internal/http/controller/orders.go:49.16,51.3 1 0
github.com/raphael-foliveira/chi-gorm/internal/http/controller/orders.go:52.2,53.16 2 0
github.com/raphael-foliveira/chi-gorm/internal/http/controller/orders.go:53.16,55.3 1 0
github.com/raphael-foliveira/chi-gorm/internal/http/controller/orders.go:56.2,56.48 1 0
github.com/raphael-foliveira/chi-gorm/internal/http/controller/orders.go:59.69,61.16 2 0
github.com/raphael-foliveira/chi-gorm/internal/http/controller/orders.go:61.16,63.3 1 0
github.com/raphael-foliveira/chi-gorm/internal/http/controller/orders.go:64.2,64.62 1 0
github.com/raphael-foliveira/chi-gorm/internal/http/controller/orders.go:67.68,69.16 2 0
github.com/raphael-foliveira/chi-gorm/internal/http/controller/orders.go:69.16,71.3 1 0
github.com/raphael-foliveira/chi-gorm/internal/http/controller/orders.go:72.2,73.16 2 0
github.com/raphael-foliveira/chi-gorm/internal/http/controller/orders.go:73.16,75.3 1 0
github.com/raphael-foliveira/chi-gorm/internal/http/controller/orders.go:76.2,76.60 1 0
github.com/raphael-foliveira/chi-gorm/internal/http/controller/products.go:15.55,17.2 1 0
github.com/raphael-foliveira/chi-gorm/internal/http/controller/products.go:19.73,21.16 2 0
github.com/raphael-foliveira/chi-gorm/internal/http/controller/products.go:21.16,23.3 1 0
github.com/raphael-foliveira/chi-gorm/internal/http/controller/products.go:24.2,25.16 2 0
github.com/raphael-foliveira/chi-gorm/internal/http/controller/products.go:25.16,27.3 1 0
github.com/raphael-foliveira/chi-gorm/internal/http/controller/products.go:28.2,28.70 1 0
github.com/raphael-foliveira/chi-gorm/internal/http/controller/products.go:31.73,33.16 2 0
github.com/raphael-foliveira/chi-gorm/internal/http/controller/products.go:33.16,35.3 1 0
github.com/raphael-foliveira/chi-gorm/internal/http/controller/products.go:36.2,37.16 2 0
github.com/raphael-foliveira/chi-gorm/internal/http/controller/products.go:37.16,39.3 1 0
github.com/raphael-foliveira/chi-gorm/internal/http/controller/products.go:40.2,41.16 2 0
github.com/raphael-foliveira/chi-gorm/internal/http/controller/products.go:41.16,43.3 1 0
github.com/raphael-foliveira/chi-gorm/internal/http/controller/products.go:44.2,44.69 1 0
github.com/raphael-foliveira/chi-gorm/internal/http/controller/products.go:47.73,49.16 2 0
github.com/raphael-foliveira/chi-gorm/internal/http/controller/products.go:49.16,51.3 1 0
github.com/raphael-foliveira/chi-gorm/internal/http/controller/products.go:52.2,53.16 2 0
github.com/raphael-foliveira/chi-gorm/internal/http/controller/products.go:53.16,55.3 1 0
github.com/raphael-foliveira/chi-gorm/internal/http/controller/products.go:56.2,56.48 1 0
github.com/raphael-foliveira/chi-gorm/internal/http/controller/products.go:59.71,61.16 2 0
github.com/raphael-foliveira/chi-gorm/internal/http/controller/products.go:61.16,63.3 1 0
github.com/raphael-foliveira/chi-gorm/internal/http/controller/products.go:64.2,64.66 1 0
github.com/raphael-foliveira/chi-gorm/internal/http/controller/products.go:67.70,69.16 2 0
github.com/raphael-foliveira/chi-gorm/internal/http/controller/products.go:69.16,71.3 1 0
github.com/raphael-foliveira/chi-gorm/internal/http/controller/products.go:72.2,73.16 2 0
github.com/raphael-foliveira/chi-gorm/internal/http/controller/products.go:73.16,75.3 1 0
github.com/raphael-foliveira/chi-gorm/internal/http/controller/products.go:76.2,76.64 1 0
github.com/raphael-foliveira/chi-gorm/internal/http/controller/utils.go:14.72,16.16 2 0
github.com/raphael-foliveira/chi-gorm/internal/http/controller/utils.go:16.16,18.3 1 0
github.com/raphael-foliveira/chi-gorm/internal/http/controller/utils.go:19.2,19.22 1 0
github.com/raphael-foliveira/chi-gorm/internal/http/controller/utils.go:22.72,24.16 2 0
github.com/raphael-foliveira/chi-gorm/internal/http/controller/utils.go:24.16,26.3 1 0
github.com/raphael-foliveira/chi-gorm/internal/http/controller/utils.go:27.2,27.37 1 0
github.com/raphael-foliveira/chi-gorm/internal/http/controller/utils.go:27.37,29.3 1 0
github.com/raphael-foliveira/chi-gorm/internal/http/controller/utils.go:30.2,30.15 1 0
github.com/raphael-foliveira/chi-gorm/internal/http/res/response.go:8.58,11.2 2 0
github.com/raphael-foliveira/chi-gorm/internal/http/res/response.go:13.70,17.2 3 1
github.com/raphael-foliveira/chi-gorm/internal/http/routes/clients.go:8.46,17.2 8 0
github.com/raphael-foliveira/chi-gorm/internal/http/routes/healthcheck.go:9.64,11.2 1 1
github.com/raphael-foliveira/chi-gorm/internal/http/routes/healthcheck.go:13.42,15.2 1 1
github.com/raphael-foliveira/chi-gorm/internal/http/routes/orders.go:8.44,16.2 7 0
github.com/raphael-foliveira/chi-gorm/internal/http/routes/products.go:8.48,16.2 7 0
github.com/raphael-foliveira/chi-gorm/internal/http/routes/routers.go:17.63,24.2 1 0
github.com/raphael-foliveira/chi-gorm/internal/http/routes/use_handler.go:13.89,14.54 1 1
github.com/raphael-foliveira/chi-gorm/internal/http/routes/use_handler.go:14.54,15.34 1 1
github.com/raphael-foliveira/chi-gorm/internal/http/routes/use_handler.go:15.34,17.4 1 1
github.com/raphael-foliveira/chi-gorm/internal/http/routes/use_handler.go:21.59,28.36 4 1
github.com/raphael-foliveira/chi-gorm/internal/http/routes/use_handler.go:28.36,30.3 1 0
github.com/raphael-foliveira/chi-gorm/internal/http/routes/use_handler.go:31.2,32.43 2 1
github.com/raphael-foliveira/chi-gorm/internal/http/schemas/clients.go:13.52,18.2 1 0
github.com/raphael-foliveira/chi-gorm/internal/http/schemas/clients.go:20.48,26.2 1 0
github.com/raphael-foliveira/chi-gorm/internal/http/schemas/clients.go:38.54,44.2 1 0
github.com/raphael-foliveira/chi-gorm/internal/http/schemas/clients.go:46.53,48.33 2 0
github.com/raphael-foliveira/chi-gorm/internal/http/schemas/clients.go:48.33,50.3 1 0
github.com/raphael-foliveira/chi-gorm/internal/http/schemas/clients.go:51.2,51.10 1 0
github.com/raphael-foliveira/chi-gorm/internal/http/schemas/clients.go:60.62,66.2 1 0
github.com/raphael-foliveira/chi-gorm/internal/http/schemas/clients.go:68.61,70.31 2 0
github.com/raphael-foliveira/chi-gorm/internal/http/schemas/clients.go:70.31,72.3 1 0
github.com/raphael-foliveira/chi-gorm/internal/http/schemas/clients.go:73.2,73.10 1 0
github.com/raphael-foliveira/chi-gorm/internal/http/schemas/clients.go:83.66,90.2 6 0
github.com/raphael-foliveira/chi-gorm/internal/http/schemas/orders.go:14.50,20.2 1 0
github.com/raphael-foliveira/chi-gorm/internal/http/schemas/orders.go:22.47,24.2 1 0
github.com/raphael-foliveira/chi-gorm/internal/http/schemas/orders.go:30.47,32.2 1 0
github.com/raphael-foliveira/chi-gorm/internal/http/schemas/orders.go:41.50,48.2 1 0
github.com/raphael-foliveira/chi-gorm/internal/http/schemas/orders.go:50.49,52.31 2 0
github.com/raphael-foliveira/chi-gorm/internal/http/schemas/orders.go:52.31,54.3 1 0
github.com/raphael-foliveira/chi-gorm/internal/http/schemas/orders.go:55.2,55.10 1 0
github.com/raphael-foliveira/chi-gorm/internal/http/schemas/products.go:13.54,18.2 1 0
github.com/raphael-foliveira/chi-gorm/internal/http/schemas/products.go:20.49,22.2 1 0
github.com/raphael-foliveira/chi-gorm/internal/http/schemas/products.go:34.58,40.2 1 0
github.com/raphael-foliveira/chi-gorm/internal/http/schemas/products.go:42.57,44.35 2 0
github.com/raphael-foliveira/chi-gorm/internal/http/schemas/products.go:44.35,46.3 1 0
github.com/raphael-foliveira/chi-gorm/internal/http/schemas/products.go:47.2,47.10 1 0
github.com/raphael-foliveira/chi-gorm/internal/service/clients.go:13.91,15.2 1 0
github.com/raphael-foliveira/chi-gorm/internal/service/clients.go:17.82,21.2 3 0
github.com/raphael-foliveira/chi-gorm/internal/service/clients.go:23.91,25.16 2 0
github.com/raphael-foliveira/chi-gorm/internal/service/clients.go:25.16,27.3 1 0
github.com/raphael-foliveira/chi-gorm/internal/service/clients.go:28.2,31.20 4 0
github.com/raphael-foliveira/chi-gorm/internal/service/clients.go:34.41,36.16 2 0
github.com/raphael-foliveira/chi-gorm/internal/service/clients.go:36.16,38.3 1 0
github.com/raphael-foliveira/chi-gorm/internal/service/clients.go:39.2,40.16 2 0
github.com/raphael-foliveira/chi-gorm/internal/service/clients.go:40.16,42.3 1 0
github.com/raphael-foliveira/chi-gorm/internal/service/clients.go:43.2,43.12 1 0
github.com/raphael-foliveira/chi-gorm/internal/service/clients.go:46.53,48.2 1 0
github.com/raphael-foliveira/chi-gorm/internal/service/clients.go:50.58,52.16 2 0
github.com/raphael-foliveira/chi-gorm/internal/service/clients.go:52.16,54.3 1 0
github.com/raphael-foliveira/chi-gorm/internal/service/clients.go:55.2,55.20 1 0
github.com/raphael-foliveira/chi-gorm/internal/service/clients.go:58.70,60.16 2 0
github.com/raphael-foliveira/chi-gorm/internal/service/clients.go:60.16,62.3 1 0
github.com/raphael-foliveira/chi-gorm/internal/service/clients.go:63.2,63.57 1 0
github.com/raphael-foliveira/chi-gorm/internal/service/jwt.go:26.20,29.2 2 0
github.com/raphael-foliveira/chi-gorm/internal/service/jwt.go:31.54,41.2 2 0
github.com/raphael-foliveira/chi-gorm/internal/service/jwt.go:43.54,44.57 1 0
github.com/raphael-foliveira/chi-gorm/internal/service/jwt.go:44.57,45.19 1 0
github.com/raphael-foliveira/chi-gorm/internal/service/jwt.go:45.19,47.4 1 0
github.com/raphael-foliveira/chi-gorm/internal/service/jwt.go:48.3,48.31 1 0
github.com/raphael-foliveira/chi-gorm/internal/service/jwt.go:51.2,59.8 4 0
github.com/raphael-foliveira/chi-gorm/internal/service/orders.go:12.53,14.2 1 0
github.com/raphael-foliveira/chi-gorm/internal/service/orders.go:16.79,20.2 3 0
github.com/raphael-foliveira/chi-gorm/internal/service/orders.go:22.88,24.16 2 0
github.com/raphael-foliveira/chi-gorm/internal/service/orders.go:24.16,26.3 1 0
github.com/raphael-foliveira/chi-gorm/internal/service/orders.go:27.2,29.20 3 0
github.com/raphael-foliveira/chi-gorm/internal/service/orders.go:32.40,34.16 2 0
github.com/raphael-foliveira/chi-gorm/internal/service/orders.go:34.16,36.3 1 0
github.com/raphael-foliveira/chi-gorm/internal/service/orders.go:37.2,38.16 2 0
github.com/raphael-foliveira/chi-gorm/internal/service/orders.go:38.16,40.3 1 0
github.com/raphael-foliveira/chi-gorm/internal/service/orders.go:41.2,41.12 1 0
github.com/raphael-foliveira/chi-gorm/internal/service/orders.go:44.51,46.2 1 0
github.com/raphael-foliveira/chi-gorm/internal/service/orders.go:48.56,50.32 2 0
github.com/raphael-foliveira/chi-gorm/internal/service/orders.go:50.32,52.3 1 0
github.com/raphael-foliveira/chi-gorm/internal/service/orders.go:53.2,53.19 1 0
github.com/raphael-foliveira/chi-gorm/internal/service/products.go:12.59,14.2 1 0
github.com/raphael-foliveira/chi-gorm/internal/service/products.go:16.85,20.2 3 0
github.com/raphael-foliveira/chi-gorm/internal/service/products.go:22.94,24.16 2 0
github.com/raphael-foliveira/chi-gorm/internal/service/products.go:24.16,26.3 1 0
github.com/raphael-foliveira/chi-gorm/internal/service/products.go:27.2,30.20 4 0
github.com/raphael-foliveira/chi-gorm/internal/service/products.go:33.42,35.16 2 0
github.com/raphael-foliveira/chi-gorm/internal/service/products.go:35.16,37.3 1 0
github.com/raphael-foliveira/chi-gorm/internal/service/products.go:38.2,39.16 2 0
github.com/raphael-foliveira/chi-gorm/internal/service/products.go:39.16,41.3 1 0
github.com/raphael-foliveira/chi-gorm/internal/service/products.go:42.2,42.12 1 0
github.com/raphael-foliveira/chi-gorm/internal/service/products.go:45.55,47.2 1 0
github.com/raphael-foliveira/chi-gorm/internal/service/products.go:49.60,51.34 2 0
github.com/raphael-foliveira/chi-gorm/internal/service/products.go:51.34,53.3 1 0
github.com/raphael-foliveira/chi-gorm/internal/service/products.go:54.2,54.21 1 0
github.com/raphael-foliveira/chi-gorm/internal/service/service.go:10.56,17.2 1 0
github.com/raphael-foliveira/chi-gorm/internal/validate/rules.go:10.44,13.36 3 0
github.com/raphael-foliveira/chi-gorm/internal/validate/rules.go:13.36,15.3 1 0
github.com/raphael-foliveira/chi-gorm/internal/validate/rules.go:16.2,16.12 1 0
github.com/raphael-foliveira/chi-gorm/internal/validate/rules.go:19.51,20.47 1 0
github.com/raphael-foliveira/chi-gorm/internal/validate/rules.go:20.47,22.3 1 0
github.com/raphael-foliveira/chi-gorm/internal/validate/rules.go:23.2,23.12 1 0
github.com/raphael-foliveira/chi-gorm/internal/validate/rules.go:26.44,27.35 1 0
github.com/raphael-foliveira/chi-gorm/internal/validate/rules.go:27.35,29.3 1 0
github.com/raphael-foliveira/chi-gorm/internal/validate/rules.go:30.2,30.12 1 0
github.com/raphael-foliveira/chi-gorm/internal/validate/rules.go:33.51,34.20 1 0
github.com/raphael-foliveira/chi-gorm/internal/validate/rules.go:34.20,36.3 1 0
github.com/raphael-foliveira/chi-gorm/internal/validate/rules.go:37.2,37.12 1 0
github.com/raphael-foliveira/chi-gorm/internal/validate/rules.go:40.51,41.20 1 0
github.com/raphael-foliveira/chi-gorm/internal/validate/rules.go:41.20,43.3 1 0
github.com/raphael-foliveira/chi-gorm/internal/validate/rules.go:44.2,44.12 1 0
github.com/raphael-foliveira/chi-gorm/internal/validate/rules.go:47.53,48.25 1 0
github.com/raphael-foliveira/chi-gorm/internal/validate/rules.go:48.25,50.3 1 0
github.com/raphael-foliveira/chi-gorm/internal/validate/rules.go:51.2,51.12 1 0
github.com/raphael-foliveira/chi-gorm/internal/validate/rules.go:54.53,55.25 1 0
github.com/raphael-foliveira/chi-gorm/internal/validate/rules.go:55.25,57.3 1 0
github.com/raphael-foliveira/chi-gorm/internal/validate/rules.go:58.2,58.12 1 0
github.com/raphael-foliveira/chi-gorm/internal/validate/validation.go:12.32,16.24 2 0
github.com/raphael-foliveira/chi-gorm/internal/validate/validation.go:16.24,17.15 1 0
github.com/raphael-foliveira/chi-gorm/internal/validate/validation.go:17.15,22.4 4 0
github.com/raphael-foliveira/chi-gorm/internal/validate/validation.go:24.2,24.38 1 0
github.com/raphael-foliveira/chi-gorm/internal/validate/validation.go:24.38,26.3 1 0
github.com/raphael-foliveira/chi-gorm/internal/validate/validation.go:27.2,27.24 1 0
github.com/raphael-foliveira/chi-gorm/internal/validate/validation.go:30.43,32.2 1 0
github.com/raphael-foliveira/chi-gorm/internal/cfg/cfg.go:15.33,17.16 2 0
github.com/raphael-foliveira/chi-gorm/internal/cfg/cfg.go:17.16,19.3 1 0
github.com/raphael-foliveira/chi-gorm/internal/cfg/cfg.go:20.2,22.12 3 0
github.com/raphael-foliveira/chi-gorm/internal/cfg/cfg.go:25.20,27.2 1 0
github.com/raphael-foliveira/chi-gorm/internal/cfg/cfg.go:29.16,32.2 2 0
github.com/raphael-foliveira/chi-gorm/internal/cfg/cfg.go:34.25,36.36 2 0
github.com/raphael-foliveira/chi-gorm/internal/cfg/cfg.go:36.36,38.20 2 0
github.com/raphael-foliveira/chi-gorm/internal/cfg/cfg.go:38.20,40.4 1 0
github.com/raphael-foliveira/chi-gorm/internal/cfg/cfg.go:44.50,46.16 2 0
github.com/raphael-foliveira/chi-gorm/internal/cfg/cfg.go:46.16,48.3 1 0
github.com/raphael-foliveira/chi-gorm/internal/cfg/cfg.go:49.2,50.35 2 0
github.com/raphael-foliveira/chi-gorm/internal/cfg/cfg.go:53.42,55.2 1 0
github.com/raphael-foliveira/chi-gorm/internal/entities/clients.go:14.30,16.2 1 1
github.com/raphael-foliveira/chi-gorm/internal/entities/orders.go:14.29,16.2 1 1
github.com/raphael-foliveira/chi-gorm/internal/entities/products.go:11.31,13.2 1 1
github.com/raphael-foliveira/chi-gorm/internal/exceptions/api.go:10.36,12.2 1 0
github.com/raphael-foliveira/chi-gorm/internal/exceptions/api.go:14.56,19.2 1 1
github.com/raphael-foliveira/chi-gorm/internal/exceptions/api.go:21.43,23.2 1 1
github.com/raphael-foliveira/chi-gorm/internal/exceptions/api.go:25.52,27.2 1 0
github.com/raphael-foliveira/chi-gorm/internal/exceptions/api.go:29.52,31.2 1 0
github.com/raphael-foliveira/chi-gorm/internal/exceptions/api.go:33.41,35.2 1 1
github.com/raphael-foliveira/chi-gorm/internal/http/controller/clients.go:15.52,17.2 1 1
github.com/raphael-foliveira/chi-gorm/internal/http/controller/clients.go:19.72,21.16 2 1
github.com/raphael-foliveira/chi-gorm/internal/http/controller/clients.go:21.16,23.3 1 1
github.com/raphael-foliveira/chi-gorm/internal/http/controller/clients.go:24.2,25.16 2 1
github.com/raphael-foliveira/chi-gorm/internal/http/controller/clients.go:25.16,27.3 1 1
github.com/raphael-foliveira/chi-gorm/internal/http/controller/clients.go:28.2,28.52 1 1
github.com/raphael-foliveira/chi-gorm/internal/http/controller/clients.go:31.72,33.16 2 1
github.com/raphael-foliveira/chi-gorm/internal/http/controller/clients.go:33.16,35.3 1 0
github.com/raphael-foliveira/chi-gorm/internal/http/controller/clients.go:36.2,37.16 2 1
github.com/raphael-foliveira/chi-gorm/internal/http/controller/clients.go:37.16,39.3 1 1
github.com/raphael-foliveira/chi-gorm/internal/http/controller/clients.go:40.2,41.16 2 1
github.com/raphael-foliveira/chi-gorm/internal/http/controller/clients.go:41.16,43.3 1 1
github.com/raphael-foliveira/chi-gorm/internal/http/controller/clients.go:44.2,44.50 1 1
github.com/raphael-foliveira/chi-gorm/internal/http/controller/clients.go:47.72,49.16 2 1
github.com/raphael-foliveira/chi-gorm/internal/http/controller/clients.go:49.16,51.3 1 0
github.com/raphael-foliveira/chi-gorm/internal/http/controller/clients.go:52.2,53.16 2 1
github.com/raphael-foliveira/chi-gorm/internal/http/controller/clients.go:53.16,55.3 1 1
github.com/raphael-foliveira/chi-gorm/internal/http/controller/clients.go:56.2,56.48 1 1
github.com/raphael-foliveira/chi-gorm/internal/http/controller/clients.go:59.70,61.16 2 1
github.com/raphael-foliveira/chi-gorm/internal/http/controller/clients.go:61.16,63.3 1 1
github.com/raphael-foliveira/chi-gorm/internal/http/controller/clients.go:64.2,64.64 1 1
github.com/raphael-foliveira/chi-gorm/internal/http/controller/clients.go:67.69,69.16 2 1
github.com/raphael-foliveira/chi-gorm/internal/http/controller/clients.go:69.16,71.3 1 0
github.com/raphael-foliveira/chi-gorm/internal/http/controller/clients.go:72.2,73.16 2 1
github.com/raphael-foliveira/chi-gorm/internal/http/controller/clients.go:73.16,75.3 1 1
github.com/raphael-foliveira/chi-gorm/internal/http/controller/clients.go:76.2,76.68 1 1
github.com/raphael-foliveira/chi-gorm/internal/http/controller/clients.go:79.77,81.16 2 1
github.com/raphael-foliveira/chi-gorm/internal/http/controller/clients.go:81.16,83.3 1 0
github.com/raphael-foliveira/chi-gorm/internal/http/controller/clients.go:84.2,85.16 2 1
github.com/raphael-foliveira/chi-gorm/internal/http/controller/clients.go:85.16,87.3 1 0
github.com/raphael-foliveira/chi-gorm/internal/http/controller/clients.go:88.2,88.62 1 1
github.com/raphael-foliveira/chi-gorm/internal/http/controller/controllers.go:23.62,29.2 1 0
github.com/raphael-foliveira/chi-gorm/internal/http/controller/orders.go:15.49,17.2 1 1
github.com/raphael-foliveira/chi-gorm/internal/http/controller/orders.go:19.71,21.16 2 1
github.com/raphael-foliveira/chi-gorm/internal/http/controller/orders.go:21.16,23.3 1 1
github.com/raphael-foliveira/chi-gorm/internal/http/controller/orders.go:24.2,25.16 2 1
github.com/raphael-foliveira/chi-gorm/internal/http/controller/orders.go:25.16,27.3 1 1
github.com/raphael-foliveira/chi-gorm/internal/http/controller/orders.go:28.2,28.68 1 1
github.com/raphael-foliveira/chi-gorm/internal/http/controller/orders.go:31.71,33.16 2 1
github.com/raphael-foliveira/chi-gorm/internal/http/controller/orders.go:33.16,35.3 1 0
github.com/raphael-foliveira/chi-gorm/internal/http/controller/orders.go:36.2,37.16 2 1
github.com/raphael-foliveira/chi-gorm/internal/http/controller/orders.go:37.16,39.3 1 1
github.com/raphael-foliveira/chi-gorm/internal/http/controller/orders.go:40.2,41.16 2 1
github.com/raphael-foliveira/chi-gorm/internal/http/controller/orders.go:41.16,43.3 1 1
github.com/raphael-foliveira/chi-gorm/internal/http/controller/orders.go:44.2,44.67 1 1
github.com/raphael-foliveira/chi-gorm/internal/http/controller/orders.go:47.71,49.16 2 1
github.com/raphael-foliveira/chi-gorm/internal/http/controller/orders.go:49.16,51.3 1 0
github.com/raphael-foliveira/chi-gorm/internal/http/controller/orders.go:52.2,53.16 2 1
github.com/raphael-foliveira/chi-gorm/internal/http/controller/orders.go:53.16,55.3 1 1
github.com/raphael-foliveira/chi-gorm/internal/http/controller/orders.go:56.2,56.48 1 1
github.com/raphael-foliveira/chi-gorm/internal/http/controller/orders.go:59.69,61.16 2 1
github.com/raphael-foliveira/chi-gorm/internal/http/controller/orders.go:61.16,63.3 1 1
github.com/raphael-foliveira/chi-gorm/internal/http/controller/orders.go:64.2,64.62 1 1
github.com/raphael-foliveira/chi-gorm/internal/http/controller/orders.go:67.68,69.16 2 1
github.com/raphael-foliveira/chi-gorm/internal/http/controller/orders.go:69.16,71.3 1 0
github.com/raphael-foliveira/chi-gorm/internal/http/controller/orders.go:72.2,73.16 2 1
github.com/raphael-foliveira/chi-gorm/internal/http/controller/orders.go:73.16,75.3 1 1
github.com/raphael-foliveira/chi-gorm/internal/http/controller/orders.go:76.2,76.60 1 1
github.com/raphael-foliveira/chi-gorm/internal/http/controller/products.go:15.55,17.2 1 1
github.com/raphael-foliveira/chi-gorm/internal/http/controller/products.go:19.73,21.16 2 1
github.com/raphael-foliveira/chi-gorm/internal/http/controller/products.go:21.16,23.3 1 1
github.com/raphael-foliveira/chi-gorm/internal/http/controller/products.go:24.2,25.16 2 1
github.com/raphael-foliveira/chi-gorm/internal/http/controller/products.go:25.16,27.3 1 1
github.com/raphael-foliveira/chi-gorm/internal/http/controller/products.go:28.2,28.70 1 1
github.com/raphael-foliveira/chi-gorm/internal/http/controller/products.go:31.73,33.16 2 1
github.com/raphael-foliveira/chi-gorm/internal/http/controller/products.go:33.16,35.3 1 0
github.com/raphael-foliveira/chi-gorm/internal/http/controller/products.go:36.2,37.16 2 1
github.com/raphael-foliveira/chi-gorm/internal/http/controller/products.go:37.16,39.3 1 1
github.com/raphael-foliveira/chi-gorm/internal/http/controller/products.go:40.2,41.16 2 1
github.com/raphael-foliveira/chi-gorm/internal/http/controller/products.go:41.16,43.3 1 1
github.com/raphael-foliveira/chi-gorm/internal/http/controller/products.go:44.2,44.69 1 1
github.com/raphael-foliveira/chi-gorm/internal/http/controller/products.go:47.73,49.16 2 1
github.com/raphael-foliveira/chi-gorm/internal/http/controller/products.go:49.16,51.3 1 0
github.com/raphael-foliveira/chi-gorm/internal/http/controller/products.go:52.2,53.16 2 1
github.com/raphael-foliveira/chi-gorm/internal/http/controller/products.go:53.16,55.3 1 1
github.com/raphael-foliveira/chi-gorm/internal/http/controller/products.go:56.2,56.48 1 1
github.com/raphael-foliveira/chi-gorm/internal/http/controller/products.go:59.71,61.16 2 1
github.com/raphael-foliveira/chi-gorm/internal/http/controller/products.go:61.16,63.3 1 1
github.com/raphael-foliveira/chi-gorm/internal/http/controller/products.go:64.2,64.66 1 1
github.com/raphael-foliveira/chi-gorm/internal/http/controller/products.go:67.70,69.16 2 1
github.com/raphael-foliveira/chi-gorm/internal/http/controller/products.go:69.16,71.3 1 0
github.com/raphael-foliveira/chi-gorm/internal/http/controller/products.go:72.2,73.16 2 1
github.com/raphael-foliveira/chi-gorm/internal/http/controller/products.go:73.16,75.3 1 1
github.com/raphael-foliveira/chi-gorm/internal/http/controller/products.go:76.2,76.64 1 1
github.com/raphael-foliveira/chi-gorm/internal/http/controller/utils.go:14.72,16.16 2 1
github.com/raphael-foliveira/chi-gorm/internal/http/controller/utils.go:16.16,18.3 1 1
github.com/raphael-foliveira/chi-gorm/internal/http/controller/utils.go:19.2,19.22 1 1
github.com/raphael-foliveira/chi-gorm/internal/http/controller/utils.go:22.72,24.16 2 1
github.com/raphael-foliveira/chi-gorm/internal/http/controller/utils.go:24.16,26.3 1 1
github.com/raphael-foliveira/chi-gorm/internal/http/controller/utils.go:27.2,27.37 1 1
github.com/raphael-foliveira/chi-gorm/internal/http/controller/utils.go:27.37,29.3 1 1
github.com/raphael-foliveira/chi-gorm/internal/http/controller/utils.go:30.2,30.15 1 1
github.com/raphael-foliveira/chi-gorm/internal/http/res/response.go:8.58,11.2 2 1
github.com/raphael-foliveira/chi-gorm/internal/http/res/response.go:13.70,17.2 3 1
github.com/raphael-foliveira/chi-gorm/internal/http/schemas/clients.go:13.52,18.2 1 1
github.com/raphael-foliveira/chi-gorm/internal/http/schemas/clients.go:20.48,26.2 1 1
github.com/raphael-foliveira/chi-gorm/internal/http/schemas/clients.go:38.54,44.2 1 1
github.com/raphael-foliveira/chi-gorm/internal/http/schemas/clients.go:46.53,48.33 2 1
github.com/raphael-foliveira/chi-gorm/internal/http/schemas/clients.go:48.33,50.3 1 1
github.com/raphael-foliveira/chi-gorm/internal/http/schemas/clients.go:51.2,51.10 1 1
github.com/raphael-foliveira/chi-gorm/internal/http/schemas/clients.go:60.62,66.2 1 0
github.com/raphael-foliveira/chi-gorm/internal/http/schemas/clients.go:68.61,70.31 2 1
github.com/raphael-foliveira/chi-gorm/internal/http/schemas/clients.go:70.31,72.3 1 0
github.com/raphael-foliveira/chi-gorm/internal/http/schemas/clients.go:73.2,73.10 1 1
github.com/raphael-foliveira/chi-gorm/internal/http/schemas/clients.go:83.66,90.2 6 1
github.com/raphael-foliveira/chi-gorm/internal/http/schemas/orders.go:14.50,20.2 1 1
github.com/raphael-foliveira/chi-gorm/internal/http/schemas/orders.go:22.47,24.2 1 1
github.com/raphael-foliveira/chi-gorm/internal/http/schemas/orders.go:30.47,32.2 1 1
github.com/raphael-foliveira/chi-gorm/internal/http/schemas/orders.go:41.50,48.2 1 1
github.com/raphael-foliveira/chi-gorm/internal/http/schemas/orders.go:50.49,52.31 2 1
github.com/raphael-foliveira/chi-gorm/internal/http/schemas/orders.go:52.31,54.3 1 1
github.com/raphael-foliveira/chi-gorm/internal/http/schemas/orders.go:55.2,55.10 1 1
github.com/raphael-foliveira/chi-gorm/internal/http/schemas/products.go:13.54,18.2 1 1
github.com/raphael-foliveira/chi-gorm/internal/http/schemas/products.go:20.49,22.2 1 1
github.com/raphael-foliveira/chi-gorm/internal/http/schemas/products.go:34.58,40.2 1 1
github.com/raphael-foliveira/chi-gorm/internal/http/schemas/products.go:42.57,44.35 2 1
github.com/raphael-foliveira/chi-gorm/internal/http/schemas/products.go:44.35,46.3 1 1
github.com/raphael-foliveira/chi-gorm/internal/http/schemas/products.go:47.2,47.10 1 1
github.com/raphael-foliveira/chi-gorm/internal/mocks/orders_store.go:13.84,15.33 2 1
github.com/raphael-foliveira/chi-gorm/internal/mocks/orders_store.go:15.33,16.33 1 1
github.com/raphael-foliveira/chi-gorm/internal/mocks/orders_store.go:16.33,18.4 1 1
github.com/raphael-foliveira/chi-gorm/internal/mocks/orders_store.go:20.2,20.25 1 1
github.com/raphael-foliveira/chi-gorm/internal/mocks/products_store.go:13.75,15.25 2 0
github.com/raphael-foliveira/chi-gorm/internal/mocks/products_store.go:15.25,16.36 1 0
github.com/raphael-foliveira/chi-gorm/internal/mocks/products_store.go:16.36,17.24 1 0
github.com/raphael-foliveira/chi-gorm/internal/mocks/products_store.go:17.24,19.5 1 0
github.com/raphael-foliveira/chi-gorm/internal/mocks/products_store.go:22.2,22.27 1 0
github.com/raphael-foliveira/chi-gorm/internal/mocks/store.go:14.41,16.2 1 1
github.com/raphael-foliveira/chi-gorm/internal/mocks/store.go:18.46,19.34 1 1
github.com/raphael-foliveira/chi-gorm/internal/mocks/store.go:19.34,20.27 1 1
github.com/raphael-foliveira/chi-gorm/internal/mocks/store.go:20.27,22.4 1 1
github.com/raphael-foliveira/chi-gorm/internal/mocks/store.go:24.2,24.37 1 1
github.com/raphael-foliveira/chi-gorm/internal/mocks/store.go:27.45,30.2 2 1
github.com/raphael-foliveira/chi-gorm/internal/mocks/store.go:32.45,33.29 1 1
github.com/raphael-foliveira/chi-gorm/internal/mocks/store.go:33.29,34.37 1 1
github.com/raphael-foliveira/chi-gorm/internal/mocks/store.go:34.37,37.4 2 1
github.com/raphael-foliveira/chi-gorm/internal/mocks/store.go:39.2,39.32 1 0
github.com/raphael-foliveira/chi-gorm/internal/mocks/store.go:42.45,43.29 1 1
github.com/raphael-foliveira/chi-gorm/internal/mocks/store.go:43.29,44.37 1 1
github.com/raphael-foliveira/chi-gorm/internal/mocks/store.go:44.37,47.4 2 1
github.com/raphael-foliveira/chi-gorm/internal/mocks/store.go:49.2,49.32 1 0
github.com/raphael-foliveira/chi-gorm/internal/service/clients.go:13.91,15.2 1 1
github.com/raphael-foliveira/chi-gorm/internal/service/clients.go:17.82,21.2 3 1
github.com/raphael-foliveira/chi-gorm/internal/service/clients.go:23.91,25.16 2 1
github.com/raphael-foliveira/chi-gorm/internal/service/clients.go:25.16,27.3 1 1
github.com/raphael-foliveira/chi-gorm/internal/service/clients.go:28.2,31.20 4 1
github.com/raphael-foliveira/chi-gorm/internal/service/clients.go:34.41,36.16 2 1
github.com/raphael-foliveira/chi-gorm/internal/service/clients.go:36.16,38.3 1 1
github.com/raphael-foliveira/chi-gorm/internal/service/clients.go:39.2,40.16 2 1
github.com/raphael-foliveira/chi-gorm/internal/service/clients.go:40.16,42.3 1 0
github.com/raphael-foliveira/chi-gorm/internal/service/clients.go:43.2,43.12 1 1
github.com/raphael-foliveira/chi-gorm/internal/service/clients.go:46.53,48.2 1 1
github.com/raphael-foliveira/chi-gorm/internal/service/clients.go:50.58,52.16 2 1
github.com/raphael-foliveira/chi-gorm/internal/service/clients.go:52.16,54.3 1 1
github.com/raphael-foliveira/chi-gorm/internal/service/clients.go:55.2,55.20 1 1
github.com/raphael-foliveira/chi-gorm/internal/service/clients.go:58.70,60.16 2 1
github.com/raphael-foliveira/chi-gorm/internal/service/clients.go:60.16,62.3 1 0
github.com/raphael-foliveira/chi-gorm/internal/service/clients.go:63.2,63.57 1 1
github.com/raphael-foliveira/chi-gorm/internal/service/jwt.go:26.20,29.2 2 0
github.com/raphael-foliveira/chi-gorm/internal/service/jwt.go:31.54,41.2 2 0
github.com/raphael-foliveira/chi-gorm/internal/service/jwt.go:43.54,44.57 1 0
github.com/raphael-foliveira/chi-gorm/internal/service/jwt.go:44.57,45.19 1 0
github.com/raphael-foliveira/chi-gorm/internal/service/jwt.go:45.19,47.4 1 0
github.com/raphael-foliveira/chi-gorm/internal/service/jwt.go:48.3,48.31 1 0
github.com/raphael-foliveira/chi-gorm/internal/service/jwt.go:51.2,59.8 4 0
github.com/raphael-foliveira/chi-gorm/internal/service/orders.go:12.53,14.2 1 1
github.com/raphael-foliveira/chi-gorm/internal/service/orders.go:16.79,20.2 3 1
github.com/raphael-foliveira/chi-gorm/internal/service/orders.go:22.88,24.16 2 1
github.com/raphael-foliveira/chi-gorm/internal/service/orders.go:24.16,26.3 1 1
github.com/raphael-foliveira/chi-gorm/internal/service/orders.go:27.2,29.20 3 1
github.com/raphael-foliveira/chi-gorm/internal/service/orders.go:32.40,34.16 2 1
github.com/raphael-foliveira/chi-gorm/internal/service/orders.go:34.16,36.3 1 1
github.com/raphael-foliveira/chi-gorm/internal/service/orders.go:37.2,38.16 2 1
github.com/raphael-foliveira/chi-gorm/internal/service/orders.go:38.16,40.3 1 0
github.com/raphael-foliveira/chi-gorm/internal/service/orders.go:41.2,41.12 1 1
github.com/raphael-foliveira/chi-gorm/internal/service/orders.go:44.51,46.2 1 1
github.com/raphael-foliveira/chi-gorm/internal/service/orders.go:48.56,50.32 2 1
github.com/raphael-foliveira/chi-gorm/internal/service/orders.go:50.32,52.3 1 1
github.com/raphael-foliveira/chi-gorm/internal/service/orders.go:53.2,53.19 1 1
github.com/raphael-foliveira/chi-gorm/internal/service/products.go:12.59,14.2 1 1
github.com/raphael-foliveira/chi-gorm/internal/service/products.go:16.85,20.2 3 1
github.com/raphael-foliveira/chi-gorm/internal/service/products.go:22.94,24.16 2 1
github.com/raphael-foliveira/chi-gorm/internal/service/products.go:24.16,26.3 1 1
github.com/raphael-foliveira/chi-gorm/internal/service/products.go:27.2,30.20 4 1
github.com/raphael-foliveira/chi-gorm/internal/service/products.go:33.42,35.16 2 1
github.com/raphael-foliveira/chi-gorm/internal/service/products.go:35.16,37.3 1 1
github.com/raphael-foliveira/chi-gorm/internal/service/products.go:38.2,39.16 2 1
github.com/raphael-foliveira/chi-gorm/internal/service/products.go:39.16,41.3 1 0
github.com/raphael-foliveira/chi-gorm/internal/service/products.go:42.2,42.12 1 1
github.com/raphael-foliveira/chi-gorm/internal/service/products.go:45.55,47.2 1 1
github.com/raphael-foliveira/chi-gorm/internal/service/products.go:49.60,51.34 2 1
github.com/raphael-foliveira/chi-gorm/internal/service/products.go:51.34,53.3 1 1
github.com/raphael-foliveira/chi-gorm/internal/service/products.go:54.2,54.21 1 1
github.com/raphael-foliveira/chi-gorm/internal/service/service.go:10.56,17.2 1 0
github.com/raphael-foliveira/chi-gorm/internal/validate/rules.go:10.44,13.36 3 1
github.com/raphael-foliveira/chi-gorm/internal/validate/rules.go:13.36,15.3 1 1
github.com/raphael-foliveira/chi-gorm/internal/validate/rules.go:16.2,16.12 1 1
github.com/raphael-foliveira/chi-gorm/internal/validate/rules.go:19.51,20.47 1 0
github.com/raphael-foliveira/chi-gorm/internal/validate/rules.go:20.47,22.3 1 0
github.com/raphael-foliveira/chi-gorm/internal/validate/rules.go:23.2,23.12 1 0
github.com/raphael-foliveira/chi-gorm/internal/validate/rules.go:26.44,27.35 1 1
github.com/raphael-foliveira/chi-gorm/internal/validate/rules.go:27.35,29.3 1 1
github.com/raphael-foliveira/chi-gorm/internal/validate/rules.go:30.2,30.12 1 1
github.com/raphael-foliveira/chi-gorm/internal/validate/rules.go:33.51,34.20 1 1
github.com/raphael-foliveira/chi-gorm/internal/validate/rules.go:34.20,36.3 1 0
github.com/raphael-foliveira/chi-gorm/internal/validate/rules.go:37.2,37.12 1 1
github.com/raphael-foliveira/chi-gorm/internal/validate/rules.go:40.51,41.20 1 0
github.com/raphael-foliveira/chi-gorm/internal/validate/rules.go:41.20,43.3 1 0
github.com/raphael-foliveira/chi-gorm/internal/validate/rules.go:44.2,44.12 1 0
github.com/raphael-foliveira/chi-gorm/internal/validate/rules.go:47.53,48.25 1 0
github.com/raphael-foliveira/chi-gorm/internal/validate/rules.go:48.25,50.3 1 0
github.com/raphael-foliveira/chi-gorm/internal/validate/rules.go:51.2,51.12 1 0
github.com/raphael-foliveira/chi-gorm/internal/validate/rules.go:54.53,55.25 1 0
github.com/raphael-foliveira/chi-gorm/internal/validate/rules.go:55.25,57.3 1 0
github.com/raphael-foliveira/chi-gorm/internal/validate/rules.go:58.2,58.12 1 0
github.com/raphael-foliveira/chi-gorm/internal/validate/validation.go:12.32,16.24 2 1
github.com/raphael-foliveira/chi-gorm/internal/validate/validation.go:16.24,17.15 1 1
github.com/raphael-foliveira/chi-gorm/internal/validate/validation.go:17.15,22.4 4 1
github.com/raphael-foliveira/chi-gorm/internal/validate/validation.go:24.2,24.38 1 1
github.com/raphael-foliveira/chi-gorm/internal/validate/validation.go:24.38,26.3 1 1
github.com/raphael-foliveira/chi-gorm/internal/validate/validation.go:27.2,27.24 1 1
github.com/raphael-foliveira/chi-gorm/internal/validate/validation.go:30.43,32.2 1 0
github.com/raphael-foliveira/chi-gorm/internal/cfg/cfg.go:15.33,17.16 2 1
github.com/raphael-foliveira/chi-gorm/internal/cfg/cfg.go:17.16,19.3 1 0
github.com/raphael-foliveira/chi-gorm/internal/cfg/cfg.go:20.2,22.12 3 1
github.com/raphael-foliveira/chi-gorm/internal/cfg/cfg.go:25.20,27.2 1 1
github.com/raphael-foliveira/chi-gorm/internal/cfg/cfg.go:29.16,32.2 2 1
github.com/raphael-foliveira/chi-gorm/internal/cfg/cfg.go:34.25,36.36 2 1
github.com/raphael-foliveira/chi-gorm/internal/cfg/cfg.go:36.36,38.20 2 1
github.com/raphael-foliveira/chi-gorm/internal/cfg/cfg.go:38.20,40.4 1 1
github.com/raphael-foliveira/chi-gorm/internal/cfg/cfg.go:44.50,46.16 2 1
github.com/raphael-foliveira/chi-gorm/internal/cfg/cfg.go:46.16,48.3 1 0
github.com/raphael-foliveira/chi-gorm/internal/cfg/cfg.go:49.2,50.35 2 1
github.com/raphael-foliveira/chi-gorm/internal/cfg/cfg.go:53.42,55.2 1 1
github.com/raphael-foliveira/chi-gorm/internal/database/db.go:11.51,12.21 1 1
github.com/raphael-foliveira/chi-gorm/internal/database/db.go:12.21,14.3 1 1
github.com/raphael-foliveira/chi-gorm/internal/database/db.go:15.2,17.16 3 1
github.com/raphael-foliveira/chi-gorm/internal/database/db.go:17.16,19.3 1 0
github.com/raphael-foliveira/chi-gorm/internal/database/db.go:20.2,22.22 3 1
github.com/raphael-foliveira/chi-gorm/internal/database/db.go:25.29,27.2 1 1
github.com/raphael-foliveira/chi-gorm/internal/database/db.go:29.24,31.2 1 1
github.com/raphael-foliveira/chi-gorm/internal/database/db.go:33.22,35.16 2 1
github.com/raphael-foliveira/chi-gorm/internal/database/db.go:35.16,37.3 1 0
github.com/raphael-foliveira/chi-gorm/internal/database/db.go:38.2,39.16 2 1
github.com/raphael-foliveira/chi-gorm/internal/database/db.go:39.16,41.3 1 0
github.com/raphael-foliveira/chi-gorm/internal/database/db.go:42.2,43.12 2 1
github.com/raphael-foliveira/chi-gorm/internal/entities/clients.go:14.30,16.2 1 0
github.com/raphael-foliveira/chi-gorm/internal/entities/orders.go:14.29,16.2 1 0
github.com/raphael-foliveira/chi-gorm/internal/entities/products.go:11.31,13.2 1 0
github.com/raphael-foliveira/chi-gorm/internal/cfg/cfg.go:15.33,17.16 2 1
github.com/raphael-foliveira/chi-gorm/internal/cfg/cfg.go:17.16,19.3 1 0
github.com/raphael-foliveira/chi-gorm/internal/cfg/cfg.go:20.2,22.12 3 1
github.com/raphael-foliveira/chi-gorm/internal/cfg/cfg.go:25.20,27.2 1 1
github.com/raphael-foliveira/chi-gorm/internal/cfg/cfg.go:29.16,32.2 2 1
github.com/raphael-foliveira/chi-gorm/internal/cfg/cfg.go:34.25,36.36 2 1
github.com/raphael-foliveira/chi-gorm/internal/cfg/cfg.go:36.36,38.20 2 1
github.com/raphael-foliveira/chi-gorm/internal/cfg/cfg.go:38.20,40.4 1 1
github.com/raphael-foliveira/chi-gorm/internal/cfg/cfg.go:44.50,46.16 2 1
github.com/raphael-foliveira/chi-gorm/internal/cfg/cfg.go:46.16,48.3 1 0
github.com/raphael-foliveira/chi-gorm/internal/cfg/cfg.go:49.2,50.35 2 1
github.com/raphael-foliveira/chi-gorm/internal/cfg/cfg.go:53.42,55.2 1 1
github.com/raphael-foliveira/chi-gorm/internal/database/db.go:11.51,12.21 1 1
github.com/raphael-foliveira/chi-gorm/internal/database/db.go:12.21,14.3 1 0
github.com/raphael-foliveira/chi-gorm/internal/database/db.go:15.2,17.16 3 1
github.com/raphael-foliveira/chi-gorm/internal/database/db.go:17.16,19.3 1 0
github.com/raphael-foliveira/chi-gorm/internal/database/db.go:20.2,22.22 3 1
github.com/raphael-foliveira/chi-gorm/internal/database/db.go:25.29,27.2 1 1
github.com/raphael-foliveira/chi-gorm/internal/database/db.go:29.24,31.2 1 1
github.com/raphael-foliveira/chi-gorm/internal/database/db.go:33.22,35.16 2 0
github.com/raphael-foliveira/chi-gorm/internal/database/db.go:35.16,37.3 1 0
github.com/raphael-foliveira/chi-gorm/internal/database/db.go:38.2,39.16 2 0
github.com/raphael-foliveira/chi-gorm/internal/database/db.go:39.16,41.3 1 0
github.com/raphael-foliveira/chi-gorm/internal/database/db.go:42.2,43.12 2 0
github.com/raphael-foliveira/chi-gorm/internal/entities/clients.go:14.30,16.2 1 0
github.com/raphael-foliveira/chi-gorm/internal/entities/orders.go:14.29,16.2 1 0
github.com/raphael-foliveira/chi-gorm/internal/entities/products.go:11.31,13.2 1 0
github.com/raphael-foliveira/chi-gorm/internal/exceptions/api.go:10.36,12.2 1 0
github.com/raphael-foliveira/chi-gorm/internal/exceptions/api.go:14.56,19.2 1 1
github.com/raphael-foliveira/chi-gorm/internal/exceptions/api.go:21.43,23.2 1 0
github.com/raphael-foliveira/chi-gorm/internal/exceptions/api.go:25.52,27.2 1 0
github.com/raphael-foliveira/chi-gorm/internal/exceptions/api.go:29.52,31.2 1 0
github.com/raphael-foliveira/chi-gorm/internal/exceptions/api.go:33.41,35.2 1 1
github.com/raphael-foliveira/chi-gorm/internal/http/schemas/clients.go:13.52,18.2 1 0
github.com/raphael-foliveira/chi-gorm/internal/http/schemas/clients.go:20.48,26.2 1 0
github.com/raphael-foliveira/chi-gorm/internal/http/schemas/clients.go:38.54,44.2 1 0
github.com/raphael-foliveira/chi-gorm/internal/http/schemas/clients.go:46.53,48.33 2 0
github.com/raphael-foliveira/chi-gorm/internal/http/schemas/clients.go:48.33,50.3 1 0
github.com/raphael-foliveira/chi-gorm/internal/http/schemas/clients.go:51.2,51.10 1 0
github.com/raphael-foliveira/chi-gorm/internal/http/schemas/clients.go:60.62,66.2 1 0
github.com/raphael-foliveira/chi-gorm/internal/http/schemas/clients.go:68.61,70.31 2 0
github.com/raphael-foliveira/chi-gorm/internal/http/schemas/clients.go:70.31,72.3 1 0
github.com/raphael-foliveira/chi-gorm/internal/http/schemas/clients.go:73.2,73.10 1 0
github.com/raphael-foliveira/chi-gorm/internal/http/schemas/clients.go:83.66,90.2 6 0
github.com/raphael-foliveira/chi-gorm/internal/http/schemas/orders.go:14.50,20.2 1 0
github.com/raphael-foliveira/chi-gorm/internal/http/schemas/orders.go:22.47,24.2 1 0
github.com/raphael-foliveira/chi-gorm/internal/http/schemas/orders.go:30.47,32.2 1 0
github.com/raphael-foliveira/chi-gorm/internal/http/schemas/orders.go:41.50,48.2 1 0
github.com/raphael-foliveira/chi-gorm/internal/http/schemas/orders.go:50.49,52.31 2 0
github.com/raphael-foliveira/chi-gorm/internal/http/schemas/orders.go:52.31,54.3 1 0
github.com/raphael-foliveira/chi-gorm/internal/http/schemas/orders.go:55.2,55.10 1 0
github.com/raphael-foliveira/chi-gorm/internal/http/schemas/products.go:13.54,18.2 1 0
github.com/raphael-foliveira/chi-gorm/internal/http/schemas/products.go:20.49,22.2 1 0
github.com/raphael-foliveira/chi-gorm/internal/http/schemas/products.go:34.58,40.2 1 0
github.com/raphael-foliveira/chi-gorm/internal/http/schemas/products.go:42.57,44.35 2 0
github.com/raphael-foliveira/chi-gorm/internal/http/schemas/products.go:44.35,46.3 1 0
github.com/raphael-foliveira/chi-gorm/internal/http/schemas/products.go:47.2,47.10 1 0
github.com/raphael-foliveira/chi-gorm/internal/repository/clients.go:12.39,14.2 1 0
github.com/raphael-foliveira/chi-gorm/internal/repository/clients.go:16.57,18.2 1 0
github.com/raphael-foliveira/chi-gorm/internal/repository/orders.go:12.37,14.2 1 0
github.com/raphael-foliveira/chi-gorm/internal/repository/orders.go:16.78,19.2 2 0
github.com/raphael-foliveira/chi-gorm/internal/repository/products.go:12.41,14.2 1 1
github.com/raphael-foliveira/chi-gorm/internal/repository/products.go:16.69,19.2 2 1
github.com/raphael-foliveira/chi-gorm/internal/repository/repository.go:12.63,14.2 1 0
github.com/raphael-foliveira/chi-gorm/internal/repository/repository.go:16.45,19.2 2 0
github.com/raphael-foliveira/chi-gorm/internal/repository/repository.go:21.50,24.2 2 0
github.com/raphael-foliveira/chi-gorm/internal/repository/repository.go:26.49,28.2 1 0
github.com/raphael-foliveira/chi-gorm/internal/repository/repository.go:30.49,32.2 1 0
github.com/raphael-foliveira/chi-gorm/internal/repository/repository.go:34.49,36.2 1 0
github.com/raphael-foliveira/chi-gorm/internal/repository/repository.go:38.57,44.2 1 0
github.com/raphael-foliveira/chi-gorm/internal/service/clients.go:13.91,15.2 1 0
github.com/raphael-foliveira/chi-gorm/internal/service/clients.go:17.82,21.2 3 0
github.com/raphael-foliveira/chi-gorm/internal/service/clients.go:23.91,25.16 2 0
github.com/raphael-foliveira/chi-gorm/internal/service/clients.go:25.16,27.3 1 0
github.com/raphael-foliveira/chi-gorm/internal/service/clients.go:28.2,31.20 4 0
github.com/raphael-foliveira/chi-gorm/internal/service/clients.go:34.41,36.16 2 0
github.com/raphael-foliveira/chi-gorm/internal/service/clients.go:36.16,38.3 1 0
github.com/raphael-foliveira/chi-gorm/internal/service/clients.go:39.2,40.16 2 0
github.com/raphael-foliveira/chi-gorm/internal/service/clients.go:40.16,42.3 1 0
github.com/raphael-foliveira/chi-gorm/internal/service/clients.go:43.2,43.12 1 0
github.com/raphael-foliveira/chi-gorm/internal/service/clients.go:46.53,48.2 1 0
github.com/raphael-foliveira/chi-gorm/internal/service/clients.go:50.58,52.16 2 0
github.com/raphael-foliveira/chi-gorm/internal/service/clients.go:52.16,54.3 1 0
github.com/raphael-foliveira/chi-gorm/internal/service/clients.go:55.2,55.20 1 0
github.com/raphael-foliveira/chi-gorm/internal/service/clients.go:58.70,60.16 2 0
github.com/raphael-foliveira/chi-gorm/internal/service/clients.go:60.16,62.3 1 0
github.com/raphael-foliveira/chi-gorm/internal/service/clients.go:63.2,63.57 1 0
github.com/raphael-foliveira/chi-gorm/internal/service/jwt.go:26.20,29.2 2 0
github.com/raphael-foliveira/chi-gorm/internal/service/jwt.go:31.54,41.2 2 0
github.com/raphael-foliveira/chi-gorm/internal/service/jwt.go:43.54,44.57 1 0
github.com/raphael-foliveira/chi-gorm/internal/service/jwt.go:44.57,45.19 1 0
github.com/raphael-foliveira/chi-gorm/internal/service/jwt.go:45.19,47.4 1 0
github.com/raphael-foliveira/chi-gorm/internal/service/jwt.go:48.3,48.31 1 0
github.com/raphael-foliveira/chi-gorm/internal/service/jwt.go:51.2,59.8 4 0
github.com/raphael-foliveira/chi-gorm/internal/service/orders.go:12.53,14.2 1 0
github.com/raphael-foliveira/chi-gorm/internal/service/orders.go:16.79,20.2 3 0
github.com/raphael-foliveira/chi-gorm/internal/service/orders.go:22.88,24.16 2 0
github.com/raphael-foliveira/chi-gorm/internal/service/orders.go:24.16,26.3 1 0
github.com/raphael-foliveira/chi-gorm/internal/service/orders.go:27.2,29.20 3 0
github.com/raphael-foliveira/chi-gorm/internal/service/orders.go:32.40,34.16 2 0
github.com/raphael-foliveira/chi-gorm/internal/service/orders.go:34.16,36.3 1 0
github.com/raphael-foliveira/chi-gorm/internal/service/orders.go:37.2,38.16 2 0
github.com/raphael-foliveira/chi-gorm/internal/service/orders.go:38.16,40.3 1 0
github.com/raphael-foliveira/chi-gorm/internal/service/orders.go:41.2,41.12 1 0
github.com/raphael-foliveira/chi-gorm/internal/service/orders.go:44.51,46.2 1 0
github.com/raphael-foliveira/chi-gorm/internal/service/orders.go:48.56,50.32 2 0
github.com/raphael-foliveira/chi-gorm/internal/service/orders.go:50.32,52.3 1 0
github.com/raphael-foliveira/chi-gorm/internal/service/orders.go:53.2,53.19 1 0
github.com/raphael-foliveira/chi-gorm/internal/service/products.go:12.59,14.2 1 0
github.com/raphael-foliveira/chi-gorm/internal/service/products.go:16.85,20.2 3 0
github.com/raphael-foliveira/chi-gorm/internal/service/products.go:22.94,24.16 2 0
github.com/raphael-foliveira/chi-gorm/internal/service/products.go:24.16,26.3 1 0
github.com/raphael-foliveira/chi-gorm/internal/service/products.go:27.2,30.20 4 0
github.com/raphael-foliveira/chi-gorm/internal/service/products.go:33.42,35.16 2 0
github.com/raphael-foliveira/chi-gorm/internal/service/products.go:35.16,37.3 1 0
github.com/raphael-foliveira/chi-gorm/internal/service/products.go:38.2,39.16 2 0
github.com/raphael-foliveira/chi-gorm/internal/service/products.go:39.16,41.3 1 0
github.com/raphael-foliveira/chi-gorm/internal/service/products.go:42.2,42.12 1 0
github.com/raphael-foliveira/chi-gorm/internal/service/products.go:45.55,47.2 1 0
github.com/raphael-foliveira/chi-gorm/internal/service/products.go:49.60,51.34 2 0
github.com/raphael-foliveira/chi-gorm/internal/service/products.go:51.34,53.3 1 0
github.com/raphael-foliveira/chi-gorm/internal/service/products.go:54.2,54.21 1 0
github.com/raphael-foliveira/chi-gorm/internal/service/service.go:10.56,17.2 1 0
github.com/raphael-foliveira/chi-gorm/internal/validate/rules.go:10.44,13.36 3 0
github.com/raphael-foliveira/chi-gorm/internal/validate/rules.go:13.36,15.3 1 0
github.com/raphael-foliveira/chi-gorm/internal/validate/rules.go:16.2,16.12 1 0
github.com/raphael-foliveira/chi-gorm/internal/validate/rules.go:19.51,20.47 1 0
github.com/raphael-foliveira/chi-gorm/internal/validate/rules.go:20.47,22.3 1 0
github.com/raphael-foliveira/chi-gorm/internal/validate/rules.go:23.2,23.12 1 0
github.com/raphael-foliveira/chi-gorm/internal/validate/rules.go:26.44,27.35 1 0
github.com/raphael-foliveira/chi-gorm/internal/validate/rules.go:27.35,29.3 1 0
github.com/raphael-foliveira/chi-gorm/internal/validate/rules.go:30.2,30.12 1 0
github.com/raphael-foliveira/chi-gorm/internal/validate/rules.go:33.51,34.20 1 0
github.com/raphael-foliveira/chi-gorm/internal/validate/rules.go:34.20,36.3 1 0
github.com/raphael-foliveira/chi-gorm/internal/validate/rules.go:37.2,37.12 1 0
github.com/raphael-foliveira/chi-gorm/internal/validate/rules.go:40.51,41.20 1 0
github.com/raphael-foliveira/chi-gorm/internal/validate/rules.go:41.20,43.3 1 0
github.com/raphael-foliveira/chi-gorm/internal/validate/rules.go:44.2,44.12 1 0
github.com/raphael-foliveira/chi-gorm/internal/validate/rules.go:47.53,48.25 1 0
github.com/raphael-foliveira/chi-gorm/internal/validate/rules.go:48.25,50.3 1 0
github.com/raphael-foliveira/chi-gorm/internal/validate/rules.go:51.2,51.12 1 0
github.com/raphael-foliveira/chi-gorm/internal/validate/rules.go:54.53,55.25 1 0
github.com/raphael-foliveira/chi-gorm/internal/validate/rules.go:55.25,57.3 1 0
github.com/raphael-foliveira/chi-gorm/internal/validate/rules.go:58.2,58.12 1 0
github.com/raphael-foliveira/chi-gorm/internal/validate/validation.go:12.32,16.24 2 0
github.com/raphael-foliveira/chi-gorm/internal/validate/validation.go:16.24,17.15 1 0
github.com/raphael-foliveira/chi-gorm/internal/validate/validation.go:17.15,22.4 4 0
github.com/raphael-foliveira/chi-gorm/internal/validate/validation.go:24.2,24.38 1 0
github.com/raphael-foliveira/chi-gorm/internal/validate/validation.go:24.38,26.3 1 0
github.com/raphael-foliveira/chi-gorm/internal/validate/validation.go:27.2,27.24 1 0
github.com/raphael-foliveira/chi-gorm/internal/validate/validation.go:30.43,32.2 1 0
github.com/raphael-foliveira/chi-gorm/internal/cfg/cfg.go:15.33,17.16 2 1
github.com/raphael-foliveira/chi-gorm/internal/cfg/cfg.go:17.16,19.3 1 0
github.com/raphael-foliveira/chi-gorm/internal/cfg/cfg.go:20.2,22.12 3 1
github.com/raphael-foliveira/chi-gorm/internal/cfg/cfg.go:25.20,27.2 1 1
github.com/raphael-foliveira/chi-gorm/internal/cfg/cfg.go:29.16,32.2 2 1
github.com/raphael-foliveira/chi-gorm/internal/cfg/cfg.go:34.25,36.36 2 1
github.com/raphael-foliveira/chi-gorm/internal/cfg/cfg.go:36.36,38.20 2 1
github.com/raphael-foliveira/chi-gorm/internal/cfg/cfg.go:38.20,40.4 1 1
github.com/raphael-foliveira/chi-gorm/internal/cfg/cfg.go:44.50,46.16 2 1
github.com/raphael-foliveira/chi-gorm/internal/cfg/cfg.go:46.16,48.3 1 0
github.com/raphael-foliveira/chi-gorm/internal/cfg/cfg.go:49.2,50.35 2 1
github.com/raphael-foliveira/chi-gorm/internal/cfg/cfg.go:53.42,55.2 1 1
github.com/raphael-foliveira/chi-gorm/internal/database/db.go:11.51,12.21 1 1
github.com/raphael-foliveira/chi-gorm/internal/database/db.go:12.21,14.3 1 0
github.com/raphael-foliveira/chi-gorm/internal/database/db.go:15.2,17.16 3 1
github.com/raphael-foliveira/chi-gorm/internal/database/db.go:17.16,19.3 1 0
github.com/raphael-foliveira/chi-gorm/internal/database/db.go:20.2,22.22 3 1
github.com/raphael-foliveira/chi-gorm/internal/database/db.go:25.29,27.2 1 0
github.com/raphael-foliveira/chi-gorm/internal/database/db.go:29.24,31.2 1 1
github.com/raphael-foliveira/chi-gorm/internal/database/db.go:33.22,35.16 2 0
github.com/raphael-foliveira/chi-gorm/internal/database/db.go:35.16,37.3 1 0
github.com/raphael-foliveira/chi-gorm/internal/database/db.go:38.2,39.16 2 0
github.com/raphael-foliveira/chi-gorm/internal/database/db.go:39.16,41.3 1 0
github.com/raphael-foliveira/chi-gorm/internal/database/db.go:42.2,43.12 2 0
github.com/raphael-foliveira/chi-gorm/internal/entities/clients.go:14.30,16.2 1 0
github.com/raphael-foliveira/chi-gorm/internal/entities/orders.go:14.29,16.2 1 0
github.com/raphael-foliveira/chi-gorm/internal/entities/products.go:11.31,13.2 1 0
github.com/raphael-foliveira/chi-gorm/internal/exceptions/api.go:10.36,12.2 1 0
github.com/raphael-foliveira/chi-gorm/internal/exceptions/api.go:14.56,19.2 1 1
github.com/raphael-foliveira/chi-gorm/internal/exceptions/api.go:21.43,23.2 1 0
github.com/raphael-foliveira/chi-gorm/internal/exceptions/api.go:25.52,27.2 1 0
github.com/raphael-foliveira/chi-gorm/internal/exceptions/api.go:29.52,31.2 1 0
github.com/raphael-foliveira/chi-gorm/internal/exceptions/api.go:33.41,35.2 1 1
github.com/raphael-foliveira/chi-gorm/internal/http/controller/clients.go:15.52,17.2 1 1
github.com/raphael-foliveira/chi-gorm/internal/http/controller/clients.go:19.72,21.16 2 1
github.com/raphael-foliveira/chi-gorm/internal/http/controller/clients.go:21.16,23.3 1 0
github.com/raphael-foliveira/chi-gorm/internal/http/controller/clients.go:24.2,25.16 2 1
github.com/raphael-foliveira/chi-gorm/internal/http/controller/clients.go:25.16,27.3 1 0
github.com/raphael-foliveira/chi-gorm/internal/http/controller/clients.go:28.2,28.52 1 1
github.com/raphael-foliveira/chi-gorm/internal/http/controller/clients.go:31.72,33.16 2 1
github.com/raphael-foliveira/chi-gorm/internal/http/controller/clients.go:33.16,35.3 1 0
github.com/raphael-foliveira/chi-gorm/internal/http/controller/clients.go:36.2,37.16 2 1
github.com/raphael-foliveira/chi-gorm/internal/http/controller/clients.go:37.16,39.3 1 0
github.com/raphael-foliveira/chi-gorm/internal/http/controller/clients.go:40.2,41.16 2 1
github.com/raphael-foliveira/chi-gorm/internal/http/controller/clients.go:41.16,43.3 1 0
github.com/raphael-foliveira/chi-gorm/internal/http/controller/clients.go:44.2,44.50 1 1
github.com/raphael-foliveira/chi-gorm/internal/http/controller/clients.go:47.72,49.16 2 1
github.com/raphael-foliveira/chi-gorm/internal/http/controller/clients.go:49.16,51.3 1 0
github.com/raphael-foliveira/chi-gorm/internal/http/controller/clients.go:52.2,53.16 2 1
github.com/raphael-foliveira/chi-gorm/internal/http/controller/clients.go:53.16,55.3 1 0
github.com/raphael-foliveira/chi-gorm/internal/http/controller/clients.go:56.2,56.48 1 1
github.com/raphael-foliveira/chi-gorm/internal/http/controller/clients.go:59.70,61.16 2 1
github.com/raphael-foliveira/chi-gorm/internal/http/controller/clients.go:61.16,63.3 1 0
github.com/raphael-foliveira/chi-gorm/internal/http/controller/clients.go:64.2,64.64 1 1
github.com/raphael-foliveira/chi-gorm/internal/http/controller/clients.go:67.69,69.16 2 1
github.com/raphael-foliveira/chi-gorm/internal/http/controller/clients.go:69.16,71.3 1 0
github.com/raphael-foliveira/chi-gorm/internal/http/controller/clients.go:72.2,73.16 2 1
github.com/raphael-foliveira/chi-gorm/internal/http/controller/clients.go:73.16,75.3 1 0
github.com/raphael-foliveira/chi-gorm/internal/http/controller/clients.go:76.2,76.68 1 1
github.com/raphael-foliveira/chi-gorm/internal/http/controller/clients.go:79.77,81.16 2 0
github.com/raphael-foliveira/chi-gorm/internal/http/controller/clients.go:81.16,83.3 1 0
github.com/raphael-foliveira/chi-gorm/internal/http/controller/clients.go:84.2,85.16 2 0
github.com/raphael-foliveira/chi-gorm/internal/http/controller/clients.go:85.16,87.3 1 0
github.com/raphael-foliveira/chi-gorm/internal/http/controller/clients.go:88.2,88.62 1 0
github.com/raphael-foliveira/chi-gorm/internal/http/controller/controllers.go:23.62,29.2 1 1
github.com/raphael-foliveira/chi-gorm/internal/http/controller/orders.go:15.49,17.2 1 1
github.com/raphael-foliveira/chi-gorm/internal/http/controller/orders.go:19.71,21.16 2 1
github.com/raphael-foliveira/chi-gorm/internal/http/controller/orders.go:21.16,23.3 1 0
github.com/raphael-foliveira/chi-gorm/internal/http/controller/orders.go:24.2,25.16 2 1
github.com/raphael-foliveira/chi-gorm/internal/http/controller/orders.go:25.16,27.3 1 0
github.com/raphael-foliveira/chi-gorm/internal/http/controller/orders.go:28.2,28.68 1 1
github.com/raphael-foliveira/chi-gorm/internal/http/controller/orders.go:31.71,33.16 2 1
github.com/raphael-foliveira/chi-gorm/internal/http/controller/orders.go:33.16,35.3 1 0
github.com/raphael-foliveira/chi-gorm/internal/http/controller/orders.go:36.2,37.16 2 1
github.com/raphael-foliveira/chi-gorm/internal/http/controller/orders.go:37.16,39.3 1 0
github.com/raphael-foliveira/chi-gorm/internal/http/controller/orders.go:40.2,41.16 2 1
github.com/raphael-foliveira/chi-gorm/internal/http/controller/orders.go:41.16,43.3 1 0
github.com/raphael-foliveira/chi-gorm/internal/http/controller/orders.go:44.2,44.67 1 1
github.com/raphael-foliveira/chi-gorm/internal/http/controller/orders.go:47.71,49.16 2 1
github.com/raphael-foliveira/chi-gorm/internal/http/controller/orders.go:49.16,51.3 1 0
github.com/raphael-foliveira/chi-gorm/internal/http/controller/orders.go:52.2,53.16 2 1
github.com/raphael-foliveira/chi-gorm/internal/http/controller/orders.go:53.16,55.3 1 0
github.com/raphael-foliveira/chi-gorm/internal/http/controller/orders.go:56.2,56.48 1 1
github.com/raphael-foliveira/chi-gorm/internal/http/controller/orders.go:59.69,61.16 2 1
github.com/raphael-foliveira/chi-gorm/internal/http/controller/orders.go:61.16,63.3 1 0
github.com/raphael-foliveira/chi-gorm/internal/http/controller/orders.go:64.2,64.62 1 1
github.com/raphael-foliveira/chi-gorm/internal/http/controller/orders.go:67.68,69.16 2 1
github.com/raphael-foliveira/chi-gorm/internal/http/controller/orders.go:69.16,71.3 1 0
github.com/raphael-foliveira/chi-gorm/internal/http/controller/orders.go:72.2,73.16 2 1
github.com/raphael-foliveira/chi-gorm/internal/http/controller/orders.go:73.16,75.3 1 0
github.com/raphael-foliveira/chi-gorm/internal/http/controller/orders.go:76.2,76.60 1 1
github.com/raphael-foliveira/chi-gorm/internal/http/controller/products.go:15.55,17.2 1 1
github.com/raphael-foliveira/chi-gorm/internal/http/controller/products.go:19.73,21.16 2 1
github.com/raphael-foliveira/chi-gorm/internal/http/controller/products.go:21.16,23.3 1 0
github.com/raphael-foliveira/chi-gorm/internal/http/controller/products.go:24.2,25.16 2 1
github.com/raphael-foliveira/chi-gorm/internal/http/controller/products.go:25.16,27.3 1 0
github.com/raphael-foliveira/chi-gorm/internal/http/controller/products.go:28.2,28.70 1 1
github.com/raphael-foliveira/chi-gorm/internal/http/controller/products.go:31.73,33.16 2 1
github.com/raphael-foliveira/chi-gorm/internal/http/controller/products.go:33.16,35.3 1 0
github.com/raphael-foliveira/chi-gorm/internal/http/controller/products.go:36.2,37.16 2 1
github.com/raphael-foliveira/chi-gorm/internal/http/controller/products.go:37.16,39.3 1 0
github.com/raphael-foliveira/chi-gorm/internal/http/controller/products.go:40.2,41.16 2 1
github.com/raphael-foliveira/chi-gorm/internal/http/controller/products.go:41.16,43.3 1 0
github.com/raphael-foliveira/chi-gorm/internal/http/controller/products.go:44.2,44.69 1 1
github.com/raphael-foliveira/chi-gorm/internal/http/controller/products.go:47.73,49.16 2 1
github.com/raphael-foliveira/chi-gorm/internal/http/controller/products.go:49.16,51.3 1 0
github.com/raphael-foliveira/chi-gorm/internal/http/controller/products.go:52.2,53.16 2 1
github.com/raphael-foliveira/chi-gorm/internal/http/controller/products.go:53.16,55.3 1 0
github.com/raphael-foliveira/chi-gorm/internal/http/controller/products.go:56.2,56.48 1 1
github.com/raphael-foliveira/chi-gorm/internal/http/controller/products.go:59.71,61.16 2 1
github.com/raphael-foliveira/chi-gorm/internal/http/controller/products.go:61.16,63.3 1 0
github.com/raphael-foliveira/chi-gorm/internal/http/controller/products.go:64.2,64.66 1 1
github.com/raphael-foliveira/chi-gorm/internal/http/controller/products.go:67.70,69.16 2 1
github.com/raphael-foliveira/chi-gorm/internal/http/controller/products.go:69.16,71.3 1 0
github.com/raphael-foliveira/chi-gorm/internal/http/controller/products.go:72.2,73.16 2 1
github.com/raphael-foliveira/chi-gorm/internal/http/controller/products.go:73.16,75.3 1 0
github.com/raphael-foliveira/chi-gorm/internal/http/controller/products.go:76.2,76.64 1 1
github.com/raphael-foliveira/chi-gorm/internal/http/controller/utils.go:14.72,16.16 2 1
github.com/raphael-foliveira/chi-gorm/internal/http/controller/utils.go:16.16,18.3 1 0
github.com/raphael-foliveira/chi-gorm/internal/http/controller/utils.go:19.2,19.22 1 1
github.com/raphael-foliveira/chi-gorm/internal/http/controller/utils.go:22.72,24.16 2 1
github.com/raphael-foliveira/chi-gorm/internal/http/controller/utils.go:24.16,26.3 1 0
github.com/raphael-foliveira/chi-gorm/internal/http/controller/utils.go:27.2,27.37 1 1
github.com/raphael-foliveira/chi-gorm/internal/http/controller/utils.go:27.37,29.3 1 0
github.com/raphael-foliveira/chi-gorm/internal/http/controller/utils.go:30.2,30.15 1 1
github.com/raphael-foliveira/chi-gorm/internal/http/res/response.go:8.58,11.2 2 1
github.com/raphael-foliveira/chi-gorm/internal/http/res/response.go:13.70,17.2 3 1
github.com/raphael-foliveira/chi-gorm/internal/http/routes/clients.go:8.46,17.2 8 1
github.com/raphael-foliveira/chi-gorm/internal/http/routes/healthcheck.go:9.64,11.2 1 0
github.com/raphael-foliveira/chi-gorm/internal/http/routes/healthcheck.go:13.42,15.2 1 0
github.com/raphael-foliveira/chi-gorm/internal/http/routes/orders.go:8.44,16.2 7 1
github.com/raphael-foliveira/chi-gorm/internal/http/routes/products.go:8.48,16.2 7 1
github.com/raphael-foliveira/chi-gorm/internal/http/routes/routers.go:17.63,24.2 1 1
github.com/raphael-foliveira/chi-gorm/internal/http/routes/use_handler.go:13.89,14.54 1 1
github.com/raphael-foliveira/chi-gorm/internal/http/routes/use_handler.go:14.54,15.34 1 1
github.com/raphael-foliveira/chi-gorm/internal/http/routes/use_handler.go:15.34,17.4 1 0
github.com/raphael-foliveira/chi-gorm/internal/http/routes/use_handler.go:21.59,28.36 4 0
github.com/raphael-foliveira/chi-gorm/internal/http/routes/use_handler.go:28.36,30.3 1 0
github.com/raphael-foliveira/chi-gorm/internal/http/routes/use_handler.go:31.2,32.43 2 0
github.com/raphael-foliveira/chi-gorm/internal/http/schemas/clients.go:13.52,18.2 1 1
github.com/raphael-foliveira/chi-gorm/internal/http/schemas/clients.go:20.48,26.2 1 1
github.com/raphael-foliveira/chi-gorm/internal/http/schemas/clients.go:38.54,44.2 1 1
github.com/raphael-foliveira/chi-gorm/internal/http/schemas/clients.go:46.53,48.33 2 1
github.com/raphael-foliveira/chi-gorm/internal/http/schemas/clients.go:48.33,50.3 1 1
github.com/raphael-foliveira/chi-gorm/internal/http/schemas/clients.go:51.2,51.10 1 1
github.com/raphael-foliveira/chi-gorm/internal/http/schemas/clients.go:60.62,66.2 1 0
github.com/raphael-foliveira/chi-gorm/internal/http/schemas/clients.go:68.61,70.31 2 1
github.com/raphael-foliveira/chi-gorm/internal/http/schemas/clients.go:70.31,72.3 1 0
github.com/raphael-foliveira/chi-gorm/internal/http/schemas/clients.go:73.2,73.10 1 1
github.com/raphael-foliveira/chi-gorm/internal/http/schemas/clients.go:83.66,90.2 6 1
github.com/raphael-foliveira/chi-gorm/internal/http/schemas/orders.go:14.50,20.2 1 1
github.com/raphael-foliveira/chi-gorm/internal/http/schemas/orders.go:22.47,24.2 1 1
github.com/raphael-foliveira/chi-gorm/internal/http/schemas/orders.go:30.47,32.2 1 1
github.com/raphael-foliveira/chi-gorm/internal/http/schemas/orders.go:41.50,48.2 1 1
github.com/raphael-foliveira/chi-gorm/internal/http/schemas/orders.go:50.49,52.31 2 1
github.com/raphael-foliveira/chi-gorm/internal/http/schemas/orders.go:52.31,54.3 1 1
github.com/raphael-foliveira/chi-gorm/internal/http/schemas/orders.go:55.2,55.10 1 1
github.com/raphael-foliveira/chi-gorm/internal/http/schemas/products.go:13.54,18.2 1 1
github.com/raphael-foliveira/chi-gorm/internal/http/schemas/products.go:20.49,22.2 1 1
github.com/raphael-foliveira/chi-gorm/internal/http/schemas/products.go:34.58,40.2 1 1
github.com/raphael-foliveira/chi-gorm/internal/http/schemas/products.go:42.57,44.35 2 1
github.com/raphael-foliveira/chi-gorm/internal/http/schemas/products.go:44.35,46.3 1 1
github.com/raphael-foliveira/chi-gorm/internal/http/schemas/products.go:47.2,47.10 1 1
github.com/raphael-foliveira/chi-gorm/internal/http/server/server.go:21.37,23.2 1 1
github.com/raphael-foliveira/chi-gorm/internal/http/server/server.go:25.32,29.2 3 0
github.com/raphael-foliveira/chi-gorm/internal/http/server/server.go:31.39,37.2 5 1
github.com/raphael-foliveira/chi-gorm/internal/http/server/server.go:39.55,45.2 5 1
github.com/raphael-foliveira/chi-gorm/internal/http/server/server.go:47.63,52.2 4 1
github.com/raphael-foliveira/chi-gorm/internal/http/server/server.go:54.47,59.2 2 1
github.com/raphael-foliveira/chi-gorm/internal/repository/clients.go:12.39,14.2 1 1
github.com/raphael-foliveira/chi-gorm/internal/repository/clients.go:16.57,18.2 1 1
github.com/raphael-foliveira/chi-gorm/internal/repository/orders.go:12.37,14.2 1 1
github.com/raphael-foliveira/chi-gorm/internal/repository/orders.go:16.78,19.2 2 0
github.com/raphael-foliveira/chi-gorm/internal/repository/products.go:12.41,14.2 1 1
github.com/raphael-foliveira/chi-gorm/internal/repository/products.go:16.69,19.2 2 0
github.com/raphael-foliveira/chi-gorm/internal/repository/repository.go:12.63,14.2 1 0
github.com/raphael-foliveira/chi-gorm/internal/repository/repository.go:16.45,19.2 2 1
github.com/raphael-foliveira/chi-gorm/internal/repository/repository.go:21.50,24.2 2 1
github.com/raphael-foliveira/chi-gorm/internal/repository/repository.go:26.49,28.2 1 1
github.com/raphael-foliveira/chi-gorm/internal/repository/repository.go:30.49,32.2 1 1
github.com/raphael-foliveira/chi-gorm/internal/repository/repository.go:34.49,36.2 1 1
github.com/raphael-foliveira/chi-gorm/internal/repository/repository.go:38.57,44.2 1 1
github.com/raphael-foliveira/chi-gorm/internal/service/clients.go:13.91,15.2 1 1
github.com/raphael-foliveira/chi-gorm/internal/service/clients.go:17.82,21.2 3 1
github.com/raphael-foliveira/chi-gorm/internal/service/clients.go:23.91,25.16 2 1
github.com/raphael-foliveira/chi-gorm/internal/service/clients.go:25.16,27.3 1 0
github.com/raphael-foliveira/chi-gorm/internal/service/clients.go:28.2,31.20 4 1
github.com/raphael-foliveira/chi-gorm/internal/service/clients.go:34.41,36.16 2 1
github.com/raphael-foliveira/chi-gorm/internal/service/clients.go:36.16,38.3 1 0
github.com/raphael-foliveira/chi-gorm/internal/service/clients.go:39.2,40.16 2 1
github.com/raphael-foliveira/chi-gorm/internal/service/clients.go:40.16,42.3 1 0
github.com/raphael-foliveira/chi-gorm/internal/service/clients.go:43.2,43.12 1 1
github.com/raphael-foliveira/chi-gorm/internal/service/clients.go:46.53,48.2 1 1
github.com/raphael-foliveira/chi-gorm/internal/service/clients.go:50.58,52.16 2 1
github.com/raphael-foliveira/chi-gorm/internal/service/clients.go:52.16,54.3 1 0
github.com/raphael-foliveira/chi-gorm/internal/service/clients.go:55.2,55.20 1 1
github.com/raphael-foliveira/chi-gorm/internal/service/clients.go:58.70,60.16 2 0
github.com/raphael-foliveira/chi-gorm/internal/service/clients.go:60.16,62.3 1 0
github.com/raphael-foliveira/chi-gorm/internal/service/clients.go:63.2,63.57 1 0
github.com/raphael-foliveira/chi-gorm/internal/service/jwt.go:26.20,29.2 2 1
github.com/raphael-foliveira/chi-gorm/internal/service/jwt.go:31.54,41.2 2 0
github.com/raphael-foliveira/chi-gorm/internal/service/jwt.go:43.54,44.57 1 0
github.com/raphael-foliveira/chi-gorm/internal/service/jwt.go:44.57,45.19 1 0
github.com/raphael-foliveira/chi-gorm/internal/service/jwt.go:45.19,47.4 1 0
github.com/raphael-foliveira/chi-gorm/internal/service/jwt.go:48.3,48.31 1 0
github.com/raphael-foliveira/chi-gorm/internal/service/jwt.go:51.2,59.8 4 0
github.com/raphael-foliveira/chi-gorm/internal/service/orders.go:12.53,14.2 1 1
github.com/raphael-foliveira/chi-gorm/internal/service/orders.go:16.79,20.2 3 1
github.com/raphael-foliveira/chi-gorm/internal/service/orders.go:22.88,24.16 2 1
github.com/raphael-foliveira/chi-gorm/internal/service/orders.go:24.16,26.3 1 0
github.com/raphael-foliveira/chi-gorm/internal/service/orders.go:27.2,29.20 3 1
github.com/raphael-foliveira/chi-gorm/internal/service/orders.go:32.40,34.16 2 1
github.com/raphael-foliveira/chi-gorm/internal/service/orders.go:34.16,36.3 1 0
github.com/raphael-foliveira/chi-gorm/internal/service/orders.go:37.2,38.16 2 1
github.com/raphael-foliveira/chi-gorm/internal/service/orders.go:38.16,40.3 1 0
github.com/raphael-foliveira/chi-gorm/internal/service/orders.go:41.2,41.12 1 1
github.com/raphael-foliveira/chi-gorm/internal/service/orders.go:44.51,46.2 1 1
github.com/raphael-foliveira/chi-gorm/internal/service/orders.go:48.56,50.32 2 1
github.com/raphael-foliveira/chi-gorm/internal/service/orders.go:50.32,52.3 1 0
github.com/raphael-foliveira/chi-gorm/internal/service/orders.go:53.2,53.19 1 1
github.com/raphael-foliveira/chi-gorm/internal/service/products.go:12.59,14.2 1 1
github.com/raphael-foliveira/chi-gorm/internal/service/products.go:16.85,20.2 3 1
github.com/raphael-foliveira/chi-gorm/internal/service/products.go:22.94,24.16 2 1
github.com/raphael-foliveira/chi-gorm/internal/service/products.go:24.16,26.3 1 0
github.com/raphael-foliveira/chi-gorm/internal/service/products.go:27.2,30.20 4 1
github.com/raphael-foliveira/chi-gorm/internal/service/products.go:33.42,35.16 2 1
github.com/raphael-foliveira/chi-gorm/internal/service/products.go:35.16,37.3 1 0
github.com/raphael-foliveira/chi-gorm/internal/service/products.go:38.2,39.16 2 1
github.com/raphael-foliveira/chi-gorm/internal/service/products.go:39.16,41.3 1 0
github.com/raphael-foliveira/chi-gorm/internal/service/products.go:42.2,42.12 1 1
github.com/raphael-foliveira/chi-gorm/internal/service/products.go:45.55,47.2 1 1
github.com/raphael-foliveira/chi-gorm/internal/service/products.go:49.60,51.34 2 1
github.com/raphael-foliveira/chi-gorm/internal/service/products.go:51.34,53.3 1 0
github.com/raphael-foliveira/chi-gorm/internal/service/products.go:54.2,54.21 1 1
github.com/raphael-foliveira/chi-gorm/internal/service/service.go:10.56,17.2 1 1
github.com/raphael-foliveira/chi-gorm/internal/validate/rules.go:10.44,13.36 3 1
github.com/raphael-foliveira/chi-gorm/internal/validate/rules.go:13.36,15.3 1 0
github.com/raphael-foliveira/chi-gorm/internal/validate/rules.go:16.2,16.12 1 1
github.com/raphael-foliveira/chi-gorm/internal/validate/rules.go:19.51,20.47 1 0
github.com/raphael-foliveira/chi-gorm/internal/validate/rules.go:20.47,22.3 1 0
github.com/raphael-foliveira/chi-gorm/internal/validate/rules.go:23.2,23.12 1 0
github.com/raphael-foliveira/chi-gorm/internal/validate/rules.go:26.44,27.35 1 1
github.com/raphael-foliveira/chi-gorm/internal/validate/rules.go:27.35,29.3 1 0
github.com/raphael-foliveira/chi-gorm/internal/validate/rules.go:30.2,30.12 1 1
github.com/raphael-foliveira/chi-gorm/internal/validate/rules.go:33.51,34.20 1 1
github.com/raphael-foliveira/chi-gorm/internal/validate/rules.go:34.20,36.3 1 0
github.com/raphael-foliveira/chi-gorm/internal/validate/rules.go:37.2,37.12 1 1
github.com/raphael-foliveira/chi-gorm/internal/validate/rules.go:40.51,41.20 1 0
github.com/raphael-foliveira/chi-gorm/internal/validate/rules.go:41.20,43.3 1 0
github.com/raphael-foliveira/chi-gorm/internal/validate/rules.go:44.2,44.12 1 0
github.com/raphael-foliveira/chi-gorm/internal/validate/rules.go:47.53,48.25 1 0
github.com/raphael-foliveira/chi-gorm/internal/validate/rules.go:48.25,50.3 1 0
github.com/raphael-foliveira/chi-gorm/internal/validate/rules.go:51.2,51.12 1 0
github.com/raphael-foliveira/chi-gorm/internal/validate/rules.go:54.53,55.25 1 0
github.com/raphael-foliveira/chi-gorm/internal/validate/rules.go:55.25,57.3 1 0
github.com/raphael-foliveira/chi-gorm/internal/validate/rules.go:58.2,58.12 1 0
github.com/raphael-foliveira/chi-gorm/internal/validate/validation.go:12.32,16.24 2 1
github.com/raphael-foliveira/chi-gorm/internal/validate/validation.go:16.24,17.15 1 1
github.com/raphael-foliveira/chi-gorm/internal/validate/validation.go:17.15,22.4 4 0
github.com/raphael-foliveira/chi-gorm/internal/validate/validation.go:24.2,24.38 1 1
github.com/raphael-foliveira/chi-gorm/internal/validate/validation.go:24.38,26.3 1 1
github.com/raphael-foliveira/chi-gorm/internal/validate/validation.go:27.2,27.24 1 0
github.com/raphael-foliveira/chi-gorm/internal/validate/validation.go:30.43,32.2 1 0
